<?xml version="1.0" encoding="UTF-8" ?>
<testsuite tests="10" failures="0" name="com.codemanship.marsrover.RoverTest" time="0.006" errors="0" skipped="0">
  <properties>
    <property name="idea.version" value="2022.1.4"/>
    <property name="java.runtime.name" value="OpenJDK Runtime Environment"/>
    <property name="java.vm.version" value="13.0.11+4-MTS"/>
    <property name="sun.boot.library.path" value="C:\Users\jason\.jdks\azul-13.0.11\bin"/>
    <property name="jdk.vendor.version" value="Zulu13.48+19-CA"/>
    <property name="maven.multiModuleProjectDirectory" value="C:\Users\jason\Documents\courses\2024\dpworld_java\source\java_refactoring"/>
    <property name="java.vm.vendor" value="Azul Systems, Inc."/>
    <property name="java.vendor.url" value="http://www.azul.com/"/>
    <property name="guice.disable.misplaced.annotation.check" value="true"/>
    <property name="path.separator" value=";"/>
    <property name="java.vm.name" value="OpenJDK 64-Bit Server VM"/>
    <property name="sun.os.patch.level" value=""/>
    <property name="user.script" value=""/>
    <property name="user.country" value="GB"/>
    <property name="sun.java.launcher" value="SUN_STANDARD"/>
    <property name="java.vm.specification.name" value="Java Virtual Machine Specification"/>
    <property name="user.dir" value="C:\Users\jason\Documents\courses\2024\dpworld_java\source\java_refactoring"/>
    <property name="java.vm.compressedOopsMode" value="Zero based"/>
    <property name="java.runtime.version" value="13.0.11+4-MTS"/>
    <property name="os.arch" value="amd64"/>
    <property name="java.io.tmpdir" value="C:\Users\jason\AppData\Local\Temp\"/>
    <property name="line.separator" value="
"/>
    <property name="java.vm.specification.vendor" value="Oracle Corporation"/>
    <property name="user.variant" value=""/>
    <property name="os.name" value="Windows 11"/>
    <property name="maven.ext.class.path" value="C:\Program Files\JetBrains\IntelliJ IDEA 2022.1.3\plugins\maven\lib\maven-event-listener.jar"/>
    <property name="classworlds.conf" value="C:\Program Files\JetBrains\IntelliJ IDEA 2022.1.3\plugins\maven\lib\maven3\bin\m2.conf"/>
    <property name="sun.jnu.encoding" value="Cp1252"/>
    <property name="java.library.path" value="C:\Users\jason\.jdks\azul-13.0.11\bin;C:\WINDOWS\Sun\Java\bin;C:\WINDOWS\system32;C:\WINDOWS;C:\Program Files (x86)\Common Files\Oracle\Java\javapath;C:\WINDOWS\system32;C:\WINDOWS;C:\WINDOWS\System32\Wbem;C:\WINDOWS\System32\WindowsPowerShell\v1.0\;C:\WINDOWS\System32\OpenSSH\;C:\Program Files\Git\cmd;C:\Program Files\dotnet\;C:\ChromeDriver\;C:\Users\jason\AppData\Local\Programs\Python\Python310\;C:\Users\jason\AppData\Local\Programs\Python\Python310\Scripts;C:\Program Files\nodejs\;C:\Users\jason\AppData\Local\Microsoft\WindowsApps;C:\Users\jason\.dotnet\tools;C:\Users\jason\AppData\Local\Programs\Microsoft VS Code\bin;C:\ChromeDriver\;C:\Users\jason\AppData\Roaming\npm;."/>
    <property name="maven.conf" value="C:\Program Files\JetBrains\IntelliJ IDEA 2022.1.3\plugins\maven\lib\maven3/conf"/>
    <property name="jdk.debug" value="release"/>
    <property name="java.class.version" value="57.0"/>
    <property name="java.specification.name" value="Java Platform API Specification"/>
    <property name="sun.management.compiler" value="HotSpot 64-Bit Tiered Compilers"/>
    <property name="os.version" value="10.0"/>
    <property name="user.home" value="C:\Users\jason"/>
    <property name="user.timezone" value="Europe/London"/>
    <property name="file.encoding" value="UTF-8"/>
    <property name="java.specification.version" value="13"/>
    <property name="user.name" value="jason"/>
    <property name="java.class.path" value="C:\Program Files\JetBrains\IntelliJ IDEA 2022.1.3\plugins\maven\lib\maven3\boot\plexus-classworlds-2.6.0.jar;C:\Program Files\JetBrains\IntelliJ IDEA 2022.1.3\plugins\maven\lib\maven3\boot\plexus-classworlds.license"/>
    <property name="java.vm.specification.version" value="13"/>
    <property name="sun.arch.data.model" value="64"/>
    <property name="sun.java.command" value="org.codehaus.classworlds.Launcher -Didea.version=2022.1.4 test"/>
    <property name="java.home" value="C:\Users\jason\.jdks\azul-13.0.11"/>
    <property name="user.language" value="en"/>
    <property name="java.specification.vendor" value="Oracle Corporation"/>
    <property name="java.vm.info" value="mixed mode, sharing"/>
    <property name="java.version" value="13.0.11"/>
    <property name="java.vendor" value="Azul Systems, Inc."/>
    <property name="maven.home" value="C:\Program Files\JetBrains\IntelliJ IDEA 2022.1.3\plugins\maven\lib\maven3"/>
    <property name="file.separator" value="\"/>
    <property name="java.version.date" value="2022-04-19"/>
    <property name="java.vendor.url.bug" value="http://www.azul.com/support/"/>
    <property name="sun.io.unicode.encoding" value="UnicodeLittle"/>
    <property name="sun.cpu.endian" value="little"/>
    <property name="java.vendor.version" value="Zulu13.48+19-CA"/>
    <property name="sun.cpu.isalist" value="amd64"/>
  </properties>
  <testcase classname="com.codemanship.marsrover.RoverTest" name="turnRightEtoS" time="0.004"/>
  <testcase classname="com.codemanship.marsrover.RoverTest" name="turnRightNtoE" time="0"/>
  <testcase classname="com.codemanship.marsrover.RoverTest" name="turnRightStoW" time="0"/>
  <testcase classname="com.codemanship.marsrover.RoverTest" name="turnRightWtoN" time="0"/>
  <testcase classname="com.codemanship.marsrover.RoverTest" name="executesSequenceOfInstructions" time="0.001"/>
  <testcase classname="com.codemanship.marsrover.RoverTest" name="moveBackFacingE" time="0"/>
  <testcase classname="com.codemanship.marsrover.RoverTest" name="moveBackFacingS" time="0"/>
  <testcase classname="com.codemanship.marsrover.RoverTest" name="moveBackFacingW" time="0.001"/>
  <testcase classname="com.codemanship.marsrover.RoverTest" name="turnLeftNtoW" time="0"/>
  <testcase classname="com.codemanship.marsrover.RoverTest" name="turnLeftWtoS" time="0"/>
</testsuite>